<?xml version="1.0" encoding="UTF-8"?>
<testsuite name="UserRegistrationTest" tests="10" skipped="0" failures="0" errors="0" timestamp="2021-07-06T03:22:52" hostname="DESKTOP-8P64EGP" time="0.117">
  <properties/>
  <testcase name="given_Invalid_LastName_Returns_Exception()" classname="UserRegistrationTest" time="0.053"/>
  <testcase name="given_Invalid_Email_Returns_Exception()" classname="UserRegistrationTest" time="0.002"/>
  <testcase name="given_Invalid_Name_Returns_Exception()" classname="UserRegistrationTest" time="0.002"/>
  <testcase name="checkPassword()" classname="UserRegistrationTest" time="0.014"/>
  <testcase name="checkEmail()" classname="UserRegistrationTest" time="0.004"/>
  <testcase name="checkName()" classname="UserRegistrationTest" time="0.003"/>
  <testcase name="checkNumber()" classname="UserRegistrationTest" time="0.005"/>
  <testcase name="checkLastName()" classname="UserRegistrationTest" time="0.002"/>
  <testcase name="given_Invalid_Password_Returns_Exception()" classname="UserRegistrationTest" time="0.001"/>
  <testcase name="given_Invalid_Number_Returns_Exception()" classname="UserRegistrationTest" time="0.002"/>
  <system-out><![CDATA[]]></system-out>
  <system-err><![CDATA[]]></system-err>
</testsuite>
